PCAD Importer Log
Project : Common-Parts-Library.LibPkg

Section : C:\Users\Jackson's PC\Documents\github\UTAT_flightsystems\PCB\Altium Libraries\Common-Parts-Library.lia
    Section : PCB Library - Common-Parts-Library.PcbLib
        Section : Load Messages
            Warning - 1 : Skipping Token isVisible On Line 1327
            Warning - 1 : Skipping Token isVisible On Line 1328
            Warning - 1 : Skipping Token isVisible On Line 1329
            Warning - 1 : Skipping Token isVisible On Line 1330
            Warning - 1 : Skipping Token SRP1265A-330M On Line 1510
            Warning - 1 : Skipping Token SN74LS377N On Line 1537
            Warning - 1 : Skipping Token SN74LS174N On Line 1726
            Warning - 1 : Skipping Token SN74LS157N On Line 1879
            Warning - 1 : Skipping Token SN74LS00N On Line 2032
            Warning - 1 : Skipping Token SN74LS161AD On Line 2167
            Warning - 1 : Skipping Token SN74LS181N On Line 2320
            Warning - 1 : Skipping Token LD1117S33TR On Line 2545
            Warning - 1 : Skipping Token LM2592HVS-5.0 On Line 2590
            Warning - 1 : Skipping Token attachedSymbol On Line 2666
            Warning - 1 : Skipping Token attachedSymbol On Line 2707
            Warning - 1 : Skipping Token attachedSymbol On Line 2780
            Warning - 1 : Skipping Token attachedSymbol On Line 2845
            Warning - 1 : Skipping Token attachedSymbol On Line 2908
            Warning - 1 : Skipping Token attachedSymbol On Line 2969
            Warning - 1 : Skipping Token attachedSymbol On Line 3042
            Warning - 1 : Skipping Token attachedSymbol On Line 3111
            Warning - 1 : Skipping Token attachedSymbol On Line 3142
        EndSection

        Section : Import Messages
        EndSection
    EndSection

    Section : SCH Library - Common-Parts-Library.SchLib
        Section : Parsing Messages
            Warning - 1 : Skipping Token padStyleDef On Line 9
            Warning - 1 : Skipping Token padStyleDef On Line 21
            Warning - 1 : Skipping Token padStyleDef On Line 33
            Warning - 1 : Skipping Token padStyleDef On Line 45
            Warning - 1 : Skipping Token padStyleDef On Line 57
            Warning - 1 : Skipping Token padStyleDef On Line 69
            Warning - 1 : Skipping Token padStyleDef On Line 81
            Warning - 1 : Skipping Token padStyleDef On Line 93
            Warning - 1 : Skipping Token multiLayer On Line 168
            Warning - 1 : Skipping Token layerContents On Line 172
            Warning - 1 : Skipping Token layerContents On Line 186
            Warning - 1 : Skipping Token layerContents On Line 195
            Warning - 1 : Skipping Token layerContents On Line 203
            Warning - 1 : Skipping Token multiLayer On Line 218
            Warning - 1 : Skipping Token layerContents On Line 240
            Warning - 1 : Skipping Token layerContents On Line 251
            Warning - 1 : Skipping Token layerContents On Line 342
            Warning - 1 : Skipping Token multiLayer On Line 440
            Warning - 1 : Skipping Token layerContents On Line 458
            Warning - 1 : Skipping Token layerContents On Line 465
            Warning - 1 : Skipping Token layerContents On Line 540
            Warning - 1 : Skipping Token multiLayer On Line 622
            Warning - 1 : Skipping Token layerContents On Line 640
            Warning - 1 : Skipping Token layerContents On Line 647
            Warning - 1 : Skipping Token layerContents On Line 722
            Warning - 1 : Skipping Token multiLayer On Line 804
            Warning - 1 : Skipping Token layerContents On Line 820
            Warning - 1 : Skipping Token layerContents On Line 831
            Warning - 1 : Skipping Token layerContents On Line 898
            Warning - 1 : Skipping Token multiLayer On Line 972
            Warning - 1 : Skipping Token layerContents On Line 990
            Warning - 1 : Skipping Token layerContents On Line 997
            Warning - 1 : Skipping Token layerContents On Line 1024
            Warning - 1 : Skipping Token multiLayer On Line 1058
            Warning - 1 : Skipping Token layerContents On Line 1084
            Warning - 1 : Skipping Token layerContents On Line 1095
            Warning - 1 : Skipping Token layerContents On Line 1202
            Warning - 1 : Skipping Token multiLayer On Line 1316
            Warning - 1 : Skipping Token layerContents On Line 1322
            Warning - 1 : Skipping Token layerContents On Line 1333
            Warning - 1 : Skipping Token layerContents On Line 1385
            Warning - 1 : Skipping Token multiLayer On Line 1444
            Warning - 1 : Skipping Token layerContents On Line 1452
            Warning - 1 : Skipping Token layerContents On Line 1480
        EndSection

        Section : Generating SCH Library - Common-Parts-Library.SchLib
        EndSection
    EndSection
EndSection
