PCAD Importer Log
Project : TXB0104PWR.LibPkg

Section : C:\Users\Jackson's PC\OneDrive - University of Toronto\Rocketry\Flight Systems\Custom Component Library\TXB0104PWR.lia
    Section : PCB Library - TXB0104PWR.PcbLib
        Section : Load Messages
            Warning - 1 : Skipping Token TXB0104PWR On Line 243
            Warning - 1 : Skipping Token attachedSymbol On Line 410
        EndSection

        Section : Import Messages
        EndSection
    EndSection

    Section : SCH Library - TXB0104PWR.SchLib
        Section : Parsing Messages
            Warning - 1 : Skipping Token padStyleDef On Line 9
            Warning - 1 : Skipping Token multiLayer On Line 84
            Warning - 1 : Skipping Token layerContents On Line 100
            Warning - 1 : Skipping Token layerContents On Line 107
            Warning - 1 : Skipping Token layerContents On Line 174
        EndSection

        Section : Generating SCH Library - TXB0104PWR.SchLib
        EndSection
    EndSection
EndSection
