Removed Member From Class: ClassName=PowerSys Member=P2
Added Component: Designator=COMP1(StratoLogger_S)
Add component. Clean all parameters for all variants
Added Component: Designator=COMP2(StratoLogger_S)
Add component. Clean all parameters for all variants
Added Pin To Net: NetName=+3.3VDC Pin=C2-2
Added Pin To Net: NetName=+3.3VDC Pin=SEN1-13
Added Pin To Net: NetName=+3.3VDC Pin=SEN2-1
Added Pin To Net: NetName=+3.3VDC Pin=U1-2
Added Pin To Net: NetName=+3.3VDC Pin=U1-4
Added Pin To Net: NetName=+3.3VDC Pin=U3-2
Added Net: Name=+3.3VDC
Added Pin To Net: NetName=+5VDC Pin=C1-2
Added Pin To Net: NetName=+5VDC Pin=C4-1
Added Pin To Net: NetName=+5VDC Pin=L1-1
Added Pin To Net: NetName=+5VDC Pin=M1-10
Added Pin To Net: NetName=+5VDC Pin=M1-31
Added Pin To Net: NetName=+5VDC Pin=M1-61
Added Pin To Net: NetName=+5VDC Pin=M1-80
Added Pin To Net: NetName=+5VDC Pin=M1-100
Added Pin To Net: NetName=+5VDC Pin=R1-1
Added Pin To Net: NetName=+5VDC Pin=R2-2
Added Pin To Net: NetName=+5VDC Pin=U1-3
Added Pin To Net: NetName=+5VDC Pin=U2-4
Added Pin To Net: NetName=+5VDC Pin=U3-8
Added Pin To Net: NetName=+5VDC Pin=U3-15
Added Net: Name=+5VDC
Added Pin To Net: NetName=CS_IMU Pin=M1-78
Added Pin To Net: NetName=CS_IMU Pin=U3-13
Added Net: Name=CS_IMU
Added Pin To Net: NetName=CS_PRES Pin=M1-77
Added Pin To Net: NetName=CS_PRES Pin=U3-14
Added Net: Name=CS_PRES
Added Pin To Net: NetName=GND Pin=BT1-2
Added Pin To Net: NetName=GND Pin=C1-1
Added Pin To Net: NetName=GND Pin=C2-1
Added Pin To Net: NetName=GND Pin=C3-2
Added Pin To Net: NetName=GND Pin=C4-2
Added Pin To Net: NetName=GND Pin=C6-1
Added Pin To Net: NetName=GND Pin=C8-1
Added Pin To Net: NetName=GND Pin=COMP1-3
Added Pin To Net: NetName=GND Pin=COMP2-3
Added Pin To Net: NetName=GND Pin=D1-1
Added Pin To Net: NetName=GND Pin=D2-2
Added Pin To Net: NetName=GND Pin=M1-11
Added Pin To Net: NetName=GND Pin=M1-32
Added Pin To Net: NetName=GND Pin=M1-62
Added Pin To Net: NetName=GND Pin=M1-81
Added Pin To Net: NetName=GND Pin=M1-99
Added Pin To Net: NetName=GND Pin=P1-2
Added Pin To Net: NetName=GND Pin=R3-2
Added Pin To Net: NetName=GND Pin=R5-1
Added Pin To Net: NetName=GND Pin=RESET-1
Added Pin To Net: NetName=GND Pin=SEN1-11
Added Pin To Net: NetName=GND Pin=SEN1-18
Added Pin To Net: NetName=GND Pin=SEN1-20
Added Pin To Net: NetName=GND Pin=SEN2-2
Added Pin To Net: NetName=GND Pin=SEN2-3
Added Pin To Net: NetName=GND Pin=U1-1
Added Pin To Net: NetName=GND Pin=U2-3
Added Pin To Net: NetName=GND Pin=U2-5
Added Pin To Net: NetName=GND Pin=U2-6
Added Pin To Net: NetName=GND Pin=U3-9
Added Net: Name=GND
Added Pin To Net: NetName=MISO Pin=M1-22
Added Pin To Net: NetName=MISO Pin=U3-12
Added Net: Name=MISO
Added Pin To Net: NetName=MOSI Pin=M1-21
Added Pin To Net: NetName=MOSI Pin=U3-11
Added Net: Name=MOSI
Added Pin To Net: NetName=NetC6_2 Pin=C6-2
Added Pin To Net: NetName=NetC6_2 Pin=M1-34
Added Pin To Net: NetName=NetC6_2 Pin=Y1-1
Added Net: Name=NetC6_2
Added Pin To Net: NetName=NetC8_2 Pin=C8-2
Added Pin To Net: NetName=NetC8_2 Pin=M1-33
Added Pin To Net: NetName=NetC8_2 Pin=Y1-2
Added Net: Name=NetC8_2
Added Pin To Net: NetName=NetC10_2 Pin=SEN1-10
Added Net: Name=NetC10_2
Added Pin To Net: NetName=NetD1_2 Pin=D1-2
Added Pin To Net: NetName=NetD1_2 Pin=L1-2
Added Pin To Net: NetName=NetD1_2 Pin=U2-2
Added Net: Name=NetD1_2
Added Pin To Net: NetName=NetD2_1 Pin=D2-1
Added Pin To Net: NetName=NetD2_1 Pin=M1-98
Added Pin To Net: NetName=NetD2_1 Pin=R2-1
Added Pin To Net: NetName=NetD2_1 Pin=R3-1
Added Net: Name=NetD2_1
Added Pin To Net: NetName=NetM1_2 Pin=M1-2
Added Pin To Net: NetName=NetM1_2 Pin=P1-3
Added Net: Name=NetM1_2
Added Pin To Net: NetName=NetM1_3 Pin=M1-3
Added Pin To Net: NetName=NetM1_3 Pin=P1-4
Added Net: Name=NetM1_3
Added Pin To Net: NetName=NetM1_30 Pin=M1-30
Added Pin To Net: NetName=NetM1_30 Pin=P1-5
Added Pin To Net: NetName=NetM1_30 Pin=R1-2
Added Pin To Net: NetName=NetM1_30 Pin=RESET-2
Added Net: Name=NetM1_30
Added Pin To Net: NetName=NetM1_97 Pin=M1-97
Added Pin To Net: NetName=NetM1_97 Pin=R4-1
Added Pin To Net: NetName=NetM1_97 Pin=R5-2
Added Net: Name=NetM1_97
Added Pin To Net: NetName=NetSEN1_9 Pin=SEN1-9
Added Pin To Net: NetName=NetSEN1_9 Pin=SEN2-6
Added Pin To Net: NetName=NetSEN1_9 Pin=U3-4
Added Net: Name=NetSEN1_9
Added Pin To Net: NetName=NetSEN1_22 Pin=SEN1-22
Added Pin To Net: NetName=NetSEN1_22 Pin=U3-7
Added Net: Name=NetSEN1_22
Added Pin To Net: NetName=NetSEN1_23 Pin=SEN1-23
Added Pin To Net: NetName=NetSEN1_23 Pin=SEN2-8
Added Pin To Net: NetName=NetSEN1_23 Pin=U3-6
Added Net: Name=NetSEN1_23
Added Pin To Net: NetName=NetSEN1_24 Pin=SEN1-24
Added Pin To Net: NetName=NetSEN1_24 Pin=SEN2-7
Added Pin To Net: NetName=NetSEN1_24 Pin=U3-5
Added Net: Name=NetSEN1_24
Added Pin To Net: NetName=NetSEN2_4 Pin=SEN2-4
Added Pin To Net: NetName=NetSEN2_4 Pin=U3-3
Added Net: Name=NetSEN2_4
Added Pin To Net: NetName=SCK Pin=M1-20
Added Pin To Net: NetName=SCK Pin=U3-10
Added Net: Name=SCK
Added Pin To Net: NetName=VBAT Pin=BT1-1
Added Pin To Net: NetName=VBAT Pin=C3-1
Added Pin To Net: NetName=VBAT Pin=R4-2
Added Pin To Net: NetName=VBAT Pin=U2-1
Added Net: Name=VBAT
Added Member To Class: ClassName=Microcontroller Member=Component COMP1 StratoLogger_Standoff
Added Member To Class: ClassName=Microcontroller Member=Component COMP2 StratoLogger_Standoff
Added Member To Class: ClassName=Microcontroller Member=Component P2 Radio Connector
