Removed Pin From Net: NetName=+5VDC Pin=P2-1
Removed Pin From Net: NetName=GND Pin=P2-2
Removed Member From Class: ClassName=Microcontroller Member=P2
Change Component Footprint: Designator=R1 Old Footprint=6-0805_L New Footprint=J1-0603
Added Component: Designator=C12(1608[0603])
Add component. Clean all parameters for all variants
Add component (AddParameter): Name = "LatestRevisionDate"; Value = "29-May-2009"; VariantName = "[No Variations]"
Add component (AddParameter): Name = "LatestRevisionNote"; Value = "IPC-7351 Footprint Added."; VariantName = "[No Variations]"
Add component (AddParameter): Name = "PackageDescription"; Value = "Chip Capacitor"; VariantName = "[No Variations]"
Add component (AddParameter): Name = "PackageReference"; Value = "C1206"; VariantName = "[No Variations]"
Add component (AddParameter): Name = "Published"; Value = "8-Jun-2000"; VariantName = "[No Variations]"
Add component (AddParameter): Name = "Publisher"; Value = "Altium Limited"; VariantName = "[No Variations]"
Add component (AddParameter): Name = "Value"; Value = "0.1uF"; VariantName = "[No Variations]"
Added Pin To Net: NetName=GND Pin=C12-1
Added Pin To Net: NetName=NetM1_30 Pin=C12-2
Change Net Name : Old Net Name=NetM1_30 New Net Name=NetC12_2
Added Pin To Net: NetName=CS_SD Pin=M1-78
Added Net: Name=CS_SD
Added Pin To Net: NetName=RAD_RX Pin=M1-13
Added Net: Name=RAD_RX
Added Pin To Net: NetName=RAD_TX Pin=M1-12
Added Net: Name=RAD_TX
Added Member To Class: ClassName=Microcontroller Member=Component C12 Cap Semi
Added Member To Class: ClassName=Sensors Member=Component SEN1 MPU-9250
Added Member To Class: ClassName=Sensors Member=Component SEN2 MS561101
