Removed Pin From Net: NetName=+3.3VDC Pin=U3-8
Added Component: Designator=P5(HDR2X3_CEN)
Add component. Clean all parameters for all variants
Add component (AddParameter): Name = "LatestRevisionDate"; Value = "17-Jul-2002"; VariantName = "[No Variations]"
Add component (AddParameter): Name = "LatestRevisionNote"; Value = "Re-released for DXP Platform."; VariantName = "[No Variations]"
Add component (AddParameter): Name = "Publisher"; Value = "Altium Limited"; VariantName = "[No Variations]"
Added Component: Designator=P6(HDR1X2)
Add component. Clean all parameters for all variants
Add component (AddParameter): Name = "LatestRevisionDate"; Value = "17-Jul-2002"; VariantName = "[No Variations]"
Add component (AddParameter): Name = "LatestRevisionNote"; Value = "Re-released for DXP Platform."; VariantName = "[No Variations]"
Add component (AddParameter): Name = "Publisher"; Value = "Altium Limited"; VariantName = "[No Variations]"
Added Pin To Net: NetName=MISO Pin=P5-1
Added Pin To Net: NetName=SCK Pin=P5-2
Added Pin To Net: NetName=NetC12_2 Pin=P5-3
Added Pin To Net: NetName=MOSI Pin=P5-5
Added Pin To Net: NetName=GND Pin=P5-6
Added Pin To Net: NetName=+3.3VDC Pin=P6-2
Added Pin To Net: NetName=NetP6_1 Pin=P6-1
Added Pin To Net: NetName=NetP6_1 Pin=U3-8
Added Net: Name=NetP6_1
Added Member To Class: ClassName=Microcontroller Member=Component P5 Header 3X2A
Added Member To Class: ClassName=Sensors Member=Component P6 Header 2
