Added Component: Designator=BT1(BAT-2)
Add component. Clean all parameters for all variants
Add component (AddParameter): Name = "LatestRevisionDate"; Value = "17-Jul-2002"; VariantName = "[No Variations]"
Add component (AddParameter): Name = "LatestRevisionNote"; Value = "Re-released for DXP Platform."; VariantName = "[No Variations]"
Add component (AddParameter): Name = "PackageDescription"; Value = "Battery; 2 Leads"; VariantName = "[No Variations]"
Add component (AddParameter): Name = "PackageReference"; Value = "BAT-2"; VariantName = "[No Variations]"
Add component (AddParameter): Name = "Published"; Value = "24-Mar-1999"; VariantName = "[No Variations]"
Add component (AddParameter): Name = "Publisher"; Value = "Altium Limited"; VariantName = "[No Variations]"
Added Component: Designator=BT2(BAT-2)
Add component. Clean all parameters for all variants
Add component (AddParameter): Name = "LatestRevisionDate"; Value = "17-Jul-2002"; VariantName = "[No Variations]"
Add component (AddParameter): Name = "LatestRevisionNote"; Value = "Re-released for DXP Platform."; VariantName = "[No Variations]"
Add component (AddParameter): Name = "PackageDescription"; Value = "Battery; 2 Leads"; VariantName = "[No Variations]"
Add component (AddParameter): Name = "PackageReference"; Value = "BAT-2"; VariantName = "[No Variations]"
Add component (AddParameter): Name = "Published"; Value = "24-Mar-1999"; VariantName = "[No Variations]"
Add component (AddParameter): Name = "Publisher"; Value = "Altium Limited"; VariantName = "[No Variations]"
Added Component: Designator=BT3(BAT-2)
Add component. Clean all parameters for all variants
Add component (AddParameter): Name = "LatestRevisionDate"; Value = "17-Jul-2002"; VariantName = "[No Variations]"
Add component (AddParameter): Name = "LatestRevisionNote"; Value = "Re-released for DXP Platform."; VariantName = "[No Variations]"
Add component (AddParameter): Name = "PackageDescription"; Value = "Battery; 2 Leads"; VariantName = "[No Variations]"
Add component (AddParameter): Name = "PackageReference"; Value = "BAT-2"; VariantName = "[No Variations]"
Add component (AddParameter): Name = "Published"; Value = "24-Mar-1999"; VariantName = "[No Variations]"
Add component (AddParameter): Name = "Publisher"; Value = "Altium Limited"; VariantName = "[No Variations]"
Added Component: Designator=C1(PIN2)
Add component. Clean all parameters for all variants
Add component (AddParameter): Name = "LatestRevisionDate"; Value = "17-Jul-2002"; VariantName = "[No Variations]"
Add component (AddParameter): Name = "LatestRevisionNote"; Value = "Re-released for DXP Platform."; VariantName = "[No Variations]"
Add component (AddParameter): Name = "PackageDescription"; Value = "Radial Cap, Thru-Hole; 2 Leads; 0.3 in Pin Spacing"; VariantName = "[No Variations]"
Add component (AddParameter): Name = "PackageReference"; Value = "RAD-0.3"; VariantName = "[No Variations]"
Add component (AddParameter): Name = "Published"; Value = "8-Jun-2000"; VariantName = "[No Variations]"
Add component (AddParameter): Name = "Publisher"; Value = "Altium Limited"; VariantName = "[No Variations]"
Add component (AddParameter): Name = "Value"; Value = "100pF"; VariantName = "[No Variations]"
Added Component: Designator=C2(PIN2)
Add component. Clean all parameters for all variants
Add component (AddParameter): Name = "LatestRevisionDate"; Value = "17-Jul-2002"; VariantName = "[No Variations]"
Add component (AddParameter): Name = "LatestRevisionNote"; Value = "Re-released for DXP Platform."; VariantName = "[No Variations]"
Add component (AddParameter): Name = "PackageDescription"; Value = "Radial Cap, Thru-Hole; 2 Leads; 0.3 in Pin Spacing"; VariantName = "[No Variations]"
Add component (AddParameter): Name = "PackageReference"; Value = "RAD-0.3"; VariantName = "[No Variations]"
Add component (AddParameter): Name = "Published"; Value = "8-Jun-2000"; VariantName = "[No Variations]"
Add component (AddParameter): Name = "Publisher"; Value = "Altium Limited"; VariantName = "[No Variations]"
Add component (AddParameter): Name = "Value"; Value = "100pF"; VariantName = "[No Variations]"
Added Component: Designator=C3(CAPR5-4X5)
Add component. Clean all parameters for all variants
Add component (AddParameter): Name = "PackageDescription"; Value = "Capacitor; 2 Leads"; VariantName = "[No Variations]"
Add component (AddParameter): Name = "PackageReference"; Value = "CAPR5-4X5"; VariantName = "[No Variations]"
Add component (AddParameter): Name = "Published"; Value = "23-Sep-2002"; VariantName = "[No Variations]"
Add component (AddParameter): Name = "Publisher"; Value = "Altium Limited"; VariantName = "[No Variations]"
Add component (AddParameter): Name = "Value"; Value = "680uF"; VariantName = "[No Variations]"
Added Component: Designator=C4(CAPR5-4X5)
Add component. Clean all parameters for all variants
Add component (AddParameter): Name = "PackageDescription"; Value = "Capacitor; 2 Leads"; VariantName = "[No Variations]"
Add component (AddParameter): Name = "PackageReference"; Value = "CAPR5-4X5"; VariantName = "[No Variations]"
Add component (AddParameter): Name = "Published"; Value = "23-Sep-2002"; VariantName = "[No Variations]"
Add component (AddParameter): Name = "Publisher"; Value = "Altium Limited"; VariantName = "[No Variations]"
Add component (AddParameter): Name = "Value"; Value = "100pF"; VariantName = "[No Variations]"
Added Component: Designator=C5(CAPR5-4X5)
Add component. Clean all parameters for all variants
Add component (AddParameter): Name = "PackageDescription"; Value = "Capacitor; 2 Leads"; VariantName = "[No Variations]"
Add component (AddParameter): Name = "PackageReference"; Value = "CAPR5-4X5"; VariantName = "[No Variations]"
Add component (AddParameter): Name = "Published"; Value = "23-Sep-2002"; VariantName = "[No Variations]"
Add component (AddParameter): Name = "Publisher"; Value = "Altium Limited"; VariantName = "[No Variations]"
Add component (AddParameter): Name = "Value"; Value = "10uF"; VariantName = "[No Variations]"
Added Component: Designator=COMP1(HDR1X3)
Add component. Clean all parameters for all variants
Add component (AddParameter): Name = "LatestRevisionDate"; Value = "17-Jul-2002"; VariantName = "[No Variations]"
Add component (AddParameter): Name = "LatestRevisionNote"; Value = "Re-released for DXP Platform."; VariantName = "[No Variations]"
Add component (AddParameter): Name = "Publisher"; Value = "Altium Limited"; VariantName = "[No Variations]"
Added Component: Designator=COMP2(HDR1X3)
Add component. Clean all parameters for all variants
Add component (AddParameter): Name = "LatestRevisionDate"; Value = "17-Jul-2002"; VariantName = "[No Variations]"
Add component (AddParameter): Name = "LatestRevisionNote"; Value = "Re-released for DXP Platform."; VariantName = "[No Variations]"
Add component (AddParameter): Name = "Publisher"; Value = "Altium Limited"; VariantName = "[No Variations]"
Added Component: Designator=D1(DO-204AL)
Add component. Clean all parameters for all variants
Add component (AddParameter): Name = "Code_JEDEC"; Value = "DO-204-AL"; VariantName = "[No Variations]"
Add component (AddParameter): Name = "ComponentLink1Description"; Value = "Manufacturer Link"; VariantName = "[No Variations]"
Add component (AddParameter): Name = "ComponentLink1URL"; Value = "http://www.irf.com/"; VariantName = "[No Variations]"
Add component (AddParameter): Name = "ComponentLink2Description"; Value = "Datasheet"; VariantName = "[No Variations]"
Add component (AddParameter): Name = "ComponentLink2URL"; Value = "http://www.irf.com/product-info/datasheets/data/11dq03.pdf"; VariantName = "[No Variations]"
Add component (AddParameter): Name = "DatasheetVersion"; Value = "Dec-1997"; VariantName = "[No Variations]"
Add component (AddParameter): Name = "LatestRevisionDate"; Value = "17-Jul-2002"; VariantName = "[No Variations]"
Add component (AddParameter): Name = "LatestRevisionNote"; Value = "Re-released for DXP Platform."; VariantName = "[No Variations]"
Add component (AddParameter): Name = "PackageDescription"; Value = "Diode, Axial; Body 5.2 x 2.7 mm (LxDia. max), Lead Dia. 0.86 mm (max)"; VariantName = "[No Variations]"
Add component (AddParameter): Name = "PackageReference"; Value = "DO-204AL"; VariantName = "[No Variations]"
Add component (AddParameter): Name = "Published"; Value = "8-Jun-2000"; VariantName = "[No Variations]"
Add component (AddParameter): Name = "Publisher"; Value = "Altium Limited"; VariantName = "[No Variations]"
Added Component: Designator=GPS1(Neo-6M GPS Module)
Add component. Clean all parameters for all variants
Added Component: Designator=L1(CAPR5-4X5)
Add component. Clean all parameters for all variants
Add component (AddParameter): Name = "Code_IEC"; Value = "1005"; VariantName = "[No Variations]"
Add component (AddParameter): Name = "Code_JEITA"; Value = "0402"; VariantName = "[No Variations]"
Add component (AddParameter): Name = "LatestRevisionDate"; Value = "29-May-2009"; VariantName = "[No Variations]"
Add component (AddParameter): Name = "LatestRevisionNote"; Value = "IPC-7351 Footprint Added."; VariantName = "[No Variations]"
Add component (AddParameter): Name = "PackageDescription"; Value = "Chip Inductor"; VariantName = "[No Variations]"
Add component (AddParameter): Name = "PackageReference"; Value = "0402-A"; VariantName = "[No Variations]"
Add component (AddParameter): Name = "Published"; Value = "8-Jun-2000"; VariantName = "[No Variations]"
Add component (AddParameter): Name = "Publisher"; Value = "Altium Limited"; VariantName = "[No Variations]"
Add component (AddParameter): Name = "Value"; Value = "33uH"; VariantName = "[No Variations]"
Added Component: Designator=M1(ATMEGA2560 Breakout)
Add component. Clean all parameters for all variants
Added Component: Designator=MEM1(uSD Card Reader)
Add component. Clean all parameters for all variants
Add component (AddParameter): Name = "Date created"; Value = "July 29, 2018"; VariantName = "[No Variations]"
Added Component: Designator=P1(HDR1X5)
Add component. Clean all parameters for all variants
Add component (AddParameter): Name = "LatestRevisionDate"; Value = "17-Jul-2002"; VariantName = "[No Variations]"
Add component (AddParameter): Name = "LatestRevisionNote"; Value = "Re-released for DXP Platform."; VariantName = "[No Variations]"
Add component (AddParameter): Name = "Publisher"; Value = "Altium Limited"; VariantName = "[No Variations]"
Added Component: Designator=P2(HDR1X6)
Add component. Clean all parameters for all variants
Add component (AddParameter): Name = "LatestRevisionDate"; Value = "17-Jul-2002"; VariantName = "[No Variations]"
Add component (AddParameter): Name = "LatestRevisionNote"; Value = "Re-released for DXP Platform."; VariantName = "[No Variations]"
Add component (AddParameter): Name = "Publisher"; Value = "Altium Limited"; VariantName = "[No Variations]"
Added Component: Designator=R1(AXIAL-0.3)
Add component. Clean all parameters for all variants
Add component (AddParameter): Name = "LatestRevisionDate"; Value = "17-Jul-2002"; VariantName = "[No Variations]"
Add component (AddParameter): Name = "LatestRevisionNote"; Value = "Re-released for DXP Platform."; VariantName = "[No Variations]"
Add component (AddParameter): Name = "PackageDescription"; Value = "Axial Device, Thru-Hole; 2 Leads; 0.3 in Pin Spacing"; VariantName = "[No Variations]"
Add component (AddParameter): Name = "PackageReference"; Value = "AXIAL-0.3"; VariantName = "[No Variations]"
Add component (AddParameter): Name = "Published"; Value = "8-Jun-2000"; VariantName = "[No Variations]"
Add component (AddParameter): Name = "Publisher"; Value = "Altium Limited"; VariantName = "[No Variations]"
Add component (AddParameter): Name = "Value"; Value = "10K"; VariantName = "[No Variations]"
Added Component: Designator=RESET(KSS-2G)
Add component. Clean all parameters for all variants
Add component (AddParameter): Name = "ComponentLink1Description"; Value = "Manufacturer Link"; VariantName = "[No Variations]"
Add component (AddParameter): Name = "ComponentLink1URL"; Value = "http://www.ck-components.com/"; VariantName = "[No Variations]"
Add component (AddParameter): Name = "ComponentLink2Description"; Value = "Datasheet"; VariantName = "[No Variations]"
Add component (AddParameter): Name = "ComponentLink2URL"; Value = "http://www.ck-components.com/media/pdf/catalogs/Tactile_Switches%5CKSS_series_Tactile_August_2007.pdf"; VariantName = "[No Variations]"
Add component (AddParameter): Name = "DatasheetVersion"; Value = "Aug-2007"; VariantName = "[No Variations]"
Add component (AddParameter): Name = "PackageDescription"; Value = "Subminiature SMT Side Actuated Switch, Body 7 x 3.5 mm (LxW)"; VariantName = "[No Variations]"
Add component (AddParameter): Name = "PackageReference"; Value = "KSS-2G"; VariantName = "[No Variations]"
Add component (AddParameter): Name = "PackageVersion"; Value = "Aug-2007"; VariantName = "[No Variations]"
Add component (AddParameter): Name = "PCB_Layout"; Value = "Complies with manufacturer's recommendation."; VariantName = "[No Variations]"
Add component (AddParameter): Name = "Published"; Value = "14-Mar-2008"; VariantName = "[No Variations]"
Add component (AddParameter): Name = "Publisher"; Value = "Altium Limited"; VariantName = "[No Variations]"
Added Component: Designator=SEN1(Barometric Pressure Sensor)
Add component. Clean all parameters for all variants
Added Component: Designator=SEN2(Sparkfun IMU)
Add component. Clean all parameters for all variants
Added Component: Designator=U1(SOT-223_N)
Add component. Clean all parameters for all variants
Add component (AddParameter): Name = "ComponentLink1Description"; Value = "Manufacturer URL"; VariantName = "[No Variations]"
Add component (AddParameter): Name = "ComponentLink1URL"; Value = "http://www.st.com"; VariantName = "[No Variations]"
Add component (AddParameter): Name = "ComponentLink2Description"; Value = "Datasheet"; VariantName = "[No Variations]"
Add component (AddParameter): Name = "ComponentLink2URL"; Value = "http://www.st.com/internet/com/TECHNICAL_RESOURCES/TECHNICAL_LITERATURE/DATASHEET/CD00000544.pdf"; VariantName = "[No Variations]"
Add component (AddParameter): Name = "DatasheetVersion"; Value = "Nov-2011"; VariantName = "[No Variations]"
Add component (AddParameter): Name = "PackageDescription"; Value = "4-Pin SOT-223 Package, 6.5 x 3.5 mm Body, 2.3 mm Pitch, 7 mm Lead Span"; VariantName = "[No Variations]"
Add component (AddParameter): Name = "PackageReference"; Value = "SOT-223"; VariantName = "[No Variations]"
Add component (AddParameter): Name = "PackageVersion"; Value = "2010"; VariantName = "[No Variations]"
Add component (AddParameter): Name = "PartNumber"; Value = "LD1117S33TR"; VariantName = "[No Variations]"
Added Component: Designator=U2(TS5B_N)
Add component. Clean all parameters for all variants
Add component (AddParameter): Name = "Code_JEDEC"; Value = "MO-169-AB"; VariantName = "[No Variations]"
Add component (AddParameter): Name = "ComponentLink1Description"; Value = "LM2592HV Datasheet"; VariantName = "[No Variations]"
Add component (AddParameter): Name = "ComponentLink1URL"; Value = "http://www.national.com/ds/LM/LM2592HV.pdf"; VariantName = "[No Variations]"
Add component (AddParameter): Name = "ComponentLink2Description"; Value = "LM2592HV Web Page"; VariantName = "[No Variations]"
Add component (AddParameter): Name = "ComponentLink2URL"; Value = "http://www.national.com/pf/LM/LM2592HV.html"; VariantName = "[No Variations]"
Add component (AddParameter): Name = "ComponentLink3Description"; Value = "TS5B Package Page"; VariantName = "[No Variations]"
Add component (AddParameter): Name = "ComponentLink3URL"; Value = "http://www.national.com/packaging/folders/ts5b.html"; VariantName = "[No Variations]"
Add component (AddParameter): Name = "CompType"; Value = "Switcher"; VariantName = "[No Variations]"
Add component (AddParameter): Name = "DatasheetVersion"; Value = "Aug-2001"; VariantName = "[No Variations]"
Add component (AddParameter): Name = "Manufacturer"; Value = "National Semiconductor"; VariantName = "[No Variations]"
Add component (AddParameter): Name = "PackageDescription"; Value = "TO-263, Molded, .400 x .390 x .180in, 5 Lead, .067in Pitch, Surface Mount"; VariantName = "[No Variations]"
Add component (AddParameter): Name = "PackageReference"; Value = "TS5B"; VariantName = "[No Variations]"
Add component (AddParameter): Name = "PackageTopMarking"; Value = "NSUZXYTTE#*LM2592HVS*-5.0 P+"; VariantName = "[No Variations]"
Add component (AddParameter): Name = "PackageVersion"; Value = "revD, Apr-2005"; VariantName = "[No Variations]"
Add component (AddParameter): Name = "PartNumber"; Value = "LM2592HVS-5.0/NOPB"; VariantName = "[No Variations]"
Add component (AddParameter): Name = "PinCount"; Value = "5"; VariantName = "[No Variations]"
Add component (AddParameter): Name = "PowerWise"; Value = "N"; VariantName = "[No Variations]"
Add component (AddParameter): Name = "Published"; Value = "1-Mar-2010"; VariantName = "[No Variations]"
Add component (AddParameter): Name = "Publisher"; Value = "Altium Limited"; VariantName = "[No Variations]"
Add component (AddParameter): Name = "RoHS"; Value = "Y"; VariantName = "[No Variations]"
Add component (AddParameter): Name = "Supplier 1"; Value = "Digi-Key"; VariantName = "[No Variations]"
Add component (AddParameter): Name = "Supplier 2"; Value = "Farnell"; VariantName = "[No Variations]"
Add component (AddParameter): Name = "Supplier Part Number 1"; Value = "LM2592HVS-5.0-ND"; VariantName = "[No Variations]"
Add component (AddParameter): Name = "Supplier Part Number 2"; Value = "1469187"; VariantName = "[No Variations]"
Added Pin To Net: NetName=+3.3VDC Pin=C2-2
Added Pin To Net: NetName=+3.3VDC Pin=SEN1-1
Added Pin To Net: NetName=+3.3VDC Pin=SEN2-9
Added Pin To Net: NetName=+3.3VDC Pin=U1-2
Added Pin To Net: NetName=+3.3VDC Pin=U1-4
Added Net: Name=+3.3VDC
Added Pin To Net: NetName=+5VDC Pin=C1-2
Added Pin To Net: NetName=+5VDC Pin=C4-1
Added Pin To Net: NetName=+5VDC Pin=GPS1-5
Added Pin To Net: NetName=+5VDC Pin=L1-2
Added Pin To Net: NetName=+5VDC Pin=M1-EXT5V
Added Pin To Net: NetName=+5VDC Pin=MEM1-7
Added Pin To Net: NetName=+5VDC Pin=P2-1
Added Pin To Net: NetName=+5VDC Pin=R1-2
Added Pin To Net: NetName=+5VDC Pin=U1-3
Added Pin To Net: NetName=+5VDC Pin=U2-4
Added Net: Name=+5VDC
Added Pin To Net: NetName=GND Pin=BT1-2
Added Pin To Net: NetName=GND Pin=BT2-2
Added Pin To Net: NetName=GND Pin=BT3-2
Added Pin To Net: NetName=GND Pin=C1-1
Added Pin To Net: NetName=GND Pin=C2-1
Added Pin To Net: NetName=GND Pin=C3-2
Added Pin To Net: NetName=GND Pin=C4-2
Added Pin To Net: NetName=GND Pin=C5-2
Added Pin To Net: NetName=GND Pin=COMP1-1
Added Pin To Net: NetName=GND Pin=COMP2-2
Added Pin To Net: NetName=GND Pin=D1-2
Added Pin To Net: NetName=GND Pin=GPS1-4
Added Pin To Net: NetName=GND Pin=M1-GND
Added Pin To Net: NetName=GND Pin=M1-GND
Added Pin To Net: NetName=GND Pin=MEM1-6
Added Pin To Net: NetName=GND Pin=P1-4
Added Pin To Net: NetName=GND Pin=P2-2
Added Pin To Net: NetName=GND Pin=RESET-1
Added Pin To Net: NetName=GND Pin=SEN1-6
Added Pin To Net: NetName=GND Pin=SEN2-8
Added Pin To Net: NetName=GND Pin=U1-1
Added Pin To Net: NetName=GND Pin=U2-3
Added Pin To Net: NetName=GND Pin=U2-5
Added Net: Name=GND
Added Pin To Net: NetName=NetBT2_1 Pin=BT2-1
Added Pin To Net: NetName=NetBT2_1 Pin=COMP1-3
Added Net: Name=NetBT2_1
Added Pin To Net: NetName=NetBT3_1 Pin=BT3-1
Added Pin To Net: NetName=NetBT3_1 Pin=COMP2-1
Added Net: Name=NetBT3_1
Added Pin To Net: NetName=NetC5_1 Pin=C5-1
Added Pin To Net: NetName=NetC5_1 Pin=M1-RESET
Added Pin To Net: NetName=NetC5_1 Pin=R1-1
Added Pin To Net: NetName=NetC5_1 Pin=RESET-2
Added Net: Name=NetC5_1
Added Pin To Net: NetName=NetCOMP1_2 Pin=COMP1-2
Added Pin To Net: NetName=NetCOMP1_2 Pin=M1-RX0
Added Net: Name=NetCOMP1_2
Added Pin To Net: NetName=NetCOMP2_3 Pin=COMP2-3
Added Pin To Net: NetName=NetCOMP2_3 Pin=M1-RX1
Added Net: Name=NetCOMP2_3
Added Pin To Net: NetName=NetD1_1 Pin=D1-1
Added Pin To Net: NetName=NetD1_1 Pin=L1-1
Added Pin To Net: NetName=NetD1_1 Pin=U2-2
Added Net: Name=NetD1_1
Added Pin To Net: NetName=NetGPS1_2 Pin=GPS1-2
Added Pin To Net: NetName=NetGPS1_2 Pin=M1-TX3
Added Net: Name=NetGPS1_2
Added Pin To Net: NetName=NetGPS1_3 Pin=GPS1-3
Added Pin To Net: NetName=NetGPS1_3 Pin=M1-RX3
Added Net: Name=NetGPS1_3
Added Pin To Net: NetName=NetM1_48 Pin=M1-48
Added Pin To Net: NetName=NetM1_48 Pin=MEM1-2
Added Net: Name=NetM1_48
Added Pin To Net: NetName=NetM1_49 Pin=M1-49
Added Pin To Net: NetName=NetM1_49 Pin=MEM1-1
Added Net: Name=NetM1_49
Added Pin To Net: NetName=NetM1_DTR Pin=M1-DTR
Added Pin To Net: NetName=NetM1_DTR Pin=P1-1
Added Net: Name=NetM1_DTR
Added Pin To Net: NetName=NetM1_MISO Pin=M1-MISO
Added Pin To Net: NetName=NetM1_MISO Pin=MEM1-4
Added Net: Name=NetM1_MISO
Added Pin To Net: NetName=NetM1_MOSI Pin=M1-MOSI
Added Pin To Net: NetName=NetM1_MOSI Pin=MEM1-3
Added Net: Name=NetM1_MOSI
Added Pin To Net: NetName=NetM1_RX2 Pin=M1-RX2
Added Pin To Net: NetName=NetM1_RX2 Pin=P2-3
Added Net: Name=NetM1_RX2
Added Pin To Net: NetName=NetM1_RX Pin=M1-RX
Added Pin To Net: NetName=NetM1_RX Pin=P1-3
Added Net: Name=NetM1_RX
Added Pin To Net: NetName=NetM1_SCK Pin=M1-SCK
Added Pin To Net: NetName=NetM1_SCK Pin=MEM1-5
Added Net: Name=NetM1_SCK
Added Pin To Net: NetName=NetM1_SCL Pin=M1-SCl
Added Pin To Net: NetName=NetM1_SCL Pin=SEN1-3
Added Pin To Net: NetName=NetM1_SCL Pin=SEN2-11
Added Net: Name=NetM1_SCL
Added Pin To Net: NetName=NetM1_SDA Pin=M1-SDA
Added Pin To Net: NetName=NetM1_SDA Pin=SEN1-4
Added Pin To Net: NetName=NetM1_SDA Pin=SEN2-10
Added Net: Name=NetM1_SDA
Added Pin To Net: NetName=NetM1_TX2 Pin=M1-TX2
Added Pin To Net: NetName=NetM1_TX2 Pin=P2-4
Added Net: Name=NetM1_TX2
Added Pin To Net: NetName=NetM1_TX Pin=M1-TX
Added Pin To Net: NetName=NetM1_TX Pin=P1-2
Added Net: Name=NetM1_TX
Added Pin To Net: NetName=NetM1_USB 5V Pin=M1-USB 5V
Added Pin To Net: NetName=NetM1_USB 5V Pin=P1-5
Added Net: Name=NetM1_USB 5V
Added Pin To Net: NetName=VBAT Pin=BT1-1
Added Pin To Net: NetName=VBAT Pin=C3-1
Added Pin To Net: NetName=VBAT Pin=U2-1
Added Net: Name=VBAT
Added Member To Class: ClassName=Top Sheet Member=Component BT1 Battery
Added Member To Class: ClassName=Top Sheet Member=Component BT2 Battery
Added Member To Class: ClassName=Top Sheet Member=Component BT3 Battery
Added Member To Class: ClassName=Top Sheet Member=Component C1 Cap
Added Member To Class: ClassName=Top Sheet Member=Component C2 Cap
Added Member To Class: ClassName=Top Sheet Member=Component C3 Cap2
Added Member To Class: ClassName=Top Sheet Member=Component C4 Cap2
Added Member To Class: ClassName=Top Sheet Member=Component C5 Cap2
Added Member To Class: ClassName=Top Sheet Member=Component COMP1 Header 3
Added Member To Class: ClassName=Top Sheet Member=Component COMP2 Header 3
Added Member To Class: ClassName=Top Sheet Member=Component D1 Diode 11DQ03
Added Member To Class: ClassName=Top Sheet Member=Component GPS1 Neo-6M GPS Module
Added Member To Class: ClassName=Top Sheet Member=Component L1 Inductor
Added Member To Class: ClassName=Top Sheet Member=Component M1 ATMega2560 Breakout
Added Member To Class: ClassName=Top Sheet Member=Component MEM1 uSD Card Reader
Added Member To Class: ClassName=Top Sheet Member=Component P1 Serial Connector
Added Member To Class: ClassName=Top Sheet Member=Component P2 Radio Connector
Added Member To Class: ClassName=Top Sheet Member=Component R1 Res1
Added Member To Class: ClassName=Top Sheet Member=Component RESET KSS221GLFS
Added Member To Class: ClassName=Top Sheet Member=Component SEN1 Pressure Sensor
Added Member To Class: ClassName=Top Sheet Member=Component SEN2 IMU
Added Member To Class: ClassName=Top Sheet Member=Component U1 LD1117S33TR
Added Member To Class: ClassName=Top Sheet Member=Component U2 LM2592HVS-5.0/NOPB
