Change Component Designator: Old Designator=BT1 New Designator=BT?
Change Component Designator: Old Designator=C1 New Designator=C?
Change Component Designator: Old Designator=C2 New Designator=C?
Change Component Designator: Old Designator=C3 New Designator=C?
Change Component Designator: Old Designator=C4 New Designator=C?
Change Component Designator: Old Designator=C5 New Designator=C?
Change Component Designator: Old Designator=COMP1 New Designator=COMP?
Change Component Designator: Old Designator=COMP2 New Designator=COMP?
Change Component Designator: Old Designator=D1 New Designator=D?
Change Component Designator: Old Designator=GPS1 New Designator=GPS?
Change Component Designator: Old Designator=L1 New Designator=L?
Change Component Designator: Old Designator=M1 New Designator=M?
Change Component Designator: Old Designator=MEM1 New Designator=MEM?
Change Component Designator: Old Designator=P1 New Designator=P?
Change Component Designator: Old Designator=P2 New Designator=P?
Change Component Designator: Old Designator=R1 New Designator=R?
Change Component Designator: Old Designator=RESET New Designator=RESET?
Change Component Designator: Old Designator=SEN1 New Designator=SEN?
Change Component Designator: Old Designator=SEN2 New Designator=SEN?
Change Component Designator: Old Designator=U1 New Designator=U?
Change Component Designator: Old Designator=U2 New Designator=U?
