Change Component Designator: Old Designator=BT? New Designator=BT1
Change Component Designator: Old Designator=C? New Designator=C1
Change Component Designator: Old Designator=C? New Designator=C2
Change Component Designator: Old Designator=C? New Designator=C3
Change Component Designator: Old Designator=C? New Designator=C4
Change Component Designator: Old Designator=C? New Designator=C5
Change Component Designator: Old Designator=COMP? New Designator=COMP1
Change Component Designator: Old Designator=COMP? New Designator=COMP2
Change Component Designator: Old Designator=D? New Designator=D1
Change Component Designator: Old Designator=GPS? New Designator=GPS1
Change Component Designator: Old Designator=L? New Designator=L1
Change Component Designator: Old Designator=M? New Designator=M1
Change Component Designator: Old Designator=MEM? New Designator=MEM1
Change Component Designator: Old Designator=P? New Designator=P1
Change Component Designator: Old Designator=P? New Designator=P2
Change Component Designator: Old Designator=R? New Designator=R1
Change Component Designator: Old Designator=RESET? New Designator=RESET1
Change Component Designator: Old Designator=SEN? New Designator=SEN1
Change Component Designator: Old Designator=SEN? New Designator=SEN2
Change Component Designator: Old Designator=U? New Designator=U1
Change Component Designator: Old Designator=U? New Designator=U2
