Replace Symbol from B1 1760510000 in C:\Users\Jackson\Documents\github\UTAT_flightsystems\PCB\PowerBoard_v1\main.SchDoc with 1760510000 from Common-Parts-Library.IntLib
Replace Symbol from C1 Cap Semi in C:\Users\Jackson\Documents\github\UTAT_flightsystems\PCB\PowerBoard_v1\main.SchDoc with Cap Semi from Miscellaneous Devices.IntLib
Replace Symbol from C2 Cap2 in C:\Users\Jackson\Documents\github\UTAT_flightsystems\PCB\PowerBoard_v1\main.SchDoc with Cap2 from Miscellaneous Devices.IntLib
Replace Symbol from C3 Cap Semi in C:\Users\Jackson\Documents\github\UTAT_flightsystems\PCB\PowerBoard_v1\main.SchDoc with Cap Semi from Miscellaneous Devices.IntLib
Replace Symbol from C4 Cap2 in C:\Users\Jackson\Documents\github\UTAT_flightsystems\PCB\PowerBoard_v1\main.SchDoc with Cap2 from Miscellaneous Devices.IntLib
Replace Symbol from C5 Cap Semi in C:\Users\Jackson\Documents\github\UTAT_flightsystems\PCB\PowerBoard_v1\main.SchDoc with Cap Semi from Miscellaneous Devices.IntLib
Replace Symbol from C6 Cap Semi in C:\Users\Jackson\Documents\github\UTAT_flightsystems\PCB\PowerBoard_v1\main.SchDoc with Cap Semi from Miscellaneous Devices.IntLib
Replace Symbol from C7 Cap Semi in C:\Users\Jackson\Documents\github\UTAT_flightsystems\PCB\PowerBoard_v1\main.SchDoc with Cap Semi from Miscellaneous Devices.IntLib
Replace Symbol from C8 Cap Semi in C:\Users\Jackson\Documents\github\UTAT_flightsystems\PCB\PowerBoard_v1\main.SchDoc with Cap Semi from Miscellaneous Devices.IntLib
Replace Symbol from C9 Cap Semi in C:\Users\Jackson\Documents\github\UTAT_flightsystems\PCB\PowerBoard_v1\main.SchDoc with Cap Semi from Miscellaneous Devices.IntLib
Replace Symbol from C10 Cap Semi in C:\Users\Jackson\Documents\github\UTAT_flightsystems\PCB\PowerBoard_v1\main.SchDoc with Cap Semi from Miscellaneous Devices.IntLib
Replace Symbol from D1 D Schottky in C:\Users\Jackson\Documents\github\UTAT_flightsystems\PCB\PowerBoard_v1\main.SchDoc with D Schottky from Miscellaneous Devices.IntLib
Replace Symbol from D2 LED1 in C:\Users\Jackson\Documents\github\UTAT_flightsystems\PCB\PowerBoard_v1\main.SchDoc with LED1 from Miscellaneous Devices.IntLib
Replace Symbol from D3 LED1 in C:\Users\Jackson\Documents\github\UTAT_flightsystems\PCB\PowerBoard_v1\main.SchDoc with LED1 from Miscellaneous Devices.IntLib
Replace Symbol from D4 LED1 in C:\Users\Jackson\Documents\github\UTAT_flightsystems\PCB\PowerBoard_v1\main.SchDoc with LED1 from Miscellaneous Devices.IntLib
Replace Symbol from J1 1760510000 in C:\Users\Jackson\Documents\github\UTAT_flightsystems\PCB\PowerBoard_v1\main.SchDoc with 1760510000 from Common-Parts-Library.IntLib
Replace Symbol from J2 1760510000 in C:\Users\Jackson\Documents\github\UTAT_flightsystems\PCB\PowerBoard_v1\main.SchDoc with 1760510000 from Common-Parts-Library.IntLib
Replace Symbol from J3 1760510000 in C:\Users\Jackson\Documents\github\UTAT_flightsystems\PCB\PowerBoard_v1\main.SchDoc with 1760510000 from Common-Parts-Library.IntLib
Replace Symbol from J4 1760510000 in C:\Users\Jackson\Documents\github\UTAT_flightsystems\PCB\PowerBoard_v1\main.SchDoc with 1760510000 from Common-Parts-Library.IntLib
Replace Symbol from L1 Inductor in C:\Users\Jackson\Documents\github\UTAT_flightsystems\PCB\PowerBoard_v1\main.SchDoc with Inductor from CustomCompLib.IntLib
Replace Symbol from L2 Inductor in C:\Users\Jackson\Documents\github\UTAT_flightsystems\PCB\PowerBoard_v1\main.SchDoc with Inductor from CustomCompLib.IntLib
Replace Symbol from P1 Header 3 in C:\Users\Jackson\Documents\github\UTAT_flightsystems\PCB\PowerBoard_v1\main.SchDoc with Header 3 from Miscellaneous Connectors.IntLib
Replace Symbol from P2 Header 5X2 in C:\Users\Jackson\Documents\github\UTAT_flightsystems\PCB\PowerBoard_v1\main.SchDoc with Header 5X2 from Miscellaneous Connectors.IntLib
Replace Symbol from R1 Res3 in C:\Users\Jackson\Documents\github\UTAT_flightsystems\PCB\PowerBoard_v1\main.SchDoc with Res3 from Miscellaneous Devices.IntLib
Replace Symbol from R2 Res3 in C:\Users\Jackson\Documents\github\UTAT_flightsystems\PCB\PowerBoard_v1\main.SchDoc with Res3 from Miscellaneous Devices.IntLib
Replace Symbol from R3 Res3 in C:\Users\Jackson\Documents\github\UTAT_flightsystems\PCB\PowerBoard_v1\main.SchDoc with Res3 from Miscellaneous Devices.IntLib
Replace Symbol from R4 Res3 in C:\Users\Jackson\Documents\github\UTAT_flightsystems\PCB\PowerBoard_v1\main.SchDoc with Res3 from Miscellaneous Devices.IntLib
Replace Symbol from R5 Res3 in C:\Users\Jackson\Documents\github\UTAT_flightsystems\PCB\PowerBoard_v1\main.SchDoc with Res3 from Miscellaneous Devices.IntLib
Replace Symbol from R6 Res3 in C:\Users\Jackson\Documents\github\UTAT_flightsystems\PCB\PowerBoard_v1\main.SchDoc with Res3 from Miscellaneous Devices.IntLib
Replace Symbol from R7 Res3 in C:\Users\Jackson\Documents\github\UTAT_flightsystems\PCB\PowerBoard_v1\main.SchDoc with Res3 from Miscellaneous Devices.IntLib
Replace Symbol from R8 Res3 in C:\Users\Jackson\Documents\github\UTAT_flightsystems\PCB\PowerBoard_v1\main.SchDoc with Res3 from Miscellaneous Devices.IntLib
Replace Symbol from RBF1 5557 5569 Mini-Fit 2 Pin Molex in C:\Users\Jackson\Documents\github\UTAT_flightsystems\PCB\PowerBoard_v1\main.SchDoc with 5557 5569 Mini-Fit 2 Pin Molex from Common-Parts-Library.IntLib
Replace Symbol from U1 LM2592HVS-5.0 in C:\Users\Jackson\Documents\github\UTAT_flightsystems\PCB\PowerBoard_v1\main.SchDoc with LM2592HVS-5.0 from Common-Parts-Library.IntLib
Replace Symbol from U2 SC189ZSKTRT_1 in C:\Users\Jackson\Documents\github\UTAT_flightsystems\PCB\PowerBoard_v1\main.SchDoc with SC189ZSKTRT_1 from Common-Parts-Library.IntLib
Replace Symbol from U3 S-80833C in C:\Users\Jackson\Documents\github\UTAT_flightsystems\PCB\PowerBoard_v1\main.SchDoc with S-80833C from Common-Parts-Library.IntLib
Replace Symbol from U4 SMD-PHOTOCOUPLER-5KV-LTV-816S(4P-4.6X6.5MM) in C:\Users\Jackson\Documents\github\UTAT_flightsystems\PCB\PowerBoard_v1\main.SchDoc with SMD-PHOTOCOUPLER-5KV-LTV-816S(4P-4.6X6.5MM) from Common-Parts-Library.IntLib
Replace Symbol from U5 S-80833C in C:\Users\Jackson\Documents\github\UTAT_flightsystems\PCB\PowerBoard_v1\main.SchDoc with S-80833C from Common-Parts-Library.IntLib
Replace Symbol from U6 SMD-PHOTOCOUPLER-5KV-LTV-816S(4P-4.6X6.5MM) in C:\Users\Jackson\Documents\github\UTAT_flightsystems\PCB\PowerBoard_v1\main.SchDoc with SMD-PHOTOCOUPLER-5KV-LTV-816S(4P-4.6X6.5MM) from Common-Parts-Library.IntLib
