Replace Part B1 1760510000 in C:\Users\Jackson\Documents\github\UTAT_flightsystems\PCB\PowerBoard_v1\main.SchDoc with 1760510000 from Common-Parts-Library.IntLib
Replace Part C1 Cap Semi in C:\Users\Jackson\Documents\github\UTAT_flightsystems\PCB\PowerBoard_v1\main.SchDoc with Cap Semi from Miscellaneous Devices.IntLib
Replace Part C2 Cap2 in C:\Users\Jackson\Documents\github\UTAT_flightsystems\PCB\PowerBoard_v1\main.SchDoc with Cap2 from Miscellaneous Devices.IntLib
Replace Part C3 Cap Semi in C:\Users\Jackson\Documents\github\UTAT_flightsystems\PCB\PowerBoard_v1\main.SchDoc with Cap Semi from Miscellaneous Devices.IntLib
Replace Part C4 Cap2 in C:\Users\Jackson\Documents\github\UTAT_flightsystems\PCB\PowerBoard_v1\main.SchDoc with Cap2 from Miscellaneous Devices.IntLib
Replace Part C5 Cap Semi in C:\Users\Jackson\Documents\github\UTAT_flightsystems\PCB\PowerBoard_v1\main.SchDoc with Cap Semi from Miscellaneous Devices.IntLib
Replace Part C6 Cap Semi in C:\Users\Jackson\Documents\github\UTAT_flightsystems\PCB\PowerBoard_v1\main.SchDoc with Cap Semi from Miscellaneous Devices.IntLib
Replace Part C7 Cap Semi in C:\Users\Jackson\Documents\github\UTAT_flightsystems\PCB\PowerBoard_v1\main.SchDoc with Cap Semi from Miscellaneous Devices.IntLib
Replace Part C8 Cap Semi in C:\Users\Jackson\Documents\github\UTAT_flightsystems\PCB\PowerBoard_v1\main.SchDoc with Cap Semi from Miscellaneous Devices.IntLib
Replace Part C9 Cap Semi in C:\Users\Jackson\Documents\github\UTAT_flightsystems\PCB\PowerBoard_v1\main.SchDoc with Cap Semi from Miscellaneous Devices.IntLib
Replace Part C10 Cap Semi in C:\Users\Jackson\Documents\github\UTAT_flightsystems\PCB\PowerBoard_v1\main.SchDoc with Cap Semi from Miscellaneous Devices.IntLib
Replace Part D1 D Schottky in C:\Users\Jackson\Documents\github\UTAT_flightsystems\PCB\PowerBoard_v1\main.SchDoc with D Schottky from Miscellaneous Devices.IntLib
Replace Part D2 LED1 in C:\Users\Jackson\Documents\github\UTAT_flightsystems\PCB\PowerBoard_v1\main.SchDoc with LED1 from Miscellaneous Devices.IntLib
Replace Part D3 LED1 in C:\Users\Jackson\Documents\github\UTAT_flightsystems\PCB\PowerBoard_v1\main.SchDoc with LED1 from Miscellaneous Devices.IntLib
Replace Part D4 LED1 in C:\Users\Jackson\Documents\github\UTAT_flightsystems\PCB\PowerBoard_v1\main.SchDoc with LED1 from Miscellaneous Devices.IntLib
Replace Part J1 1760510000 in C:\Users\Jackson\Documents\github\UTAT_flightsystems\PCB\PowerBoard_v1\main.SchDoc with 1760510000 from Common-Parts-Library.IntLib
Replace Part J2 1760510000 in C:\Users\Jackson\Documents\github\UTAT_flightsystems\PCB\PowerBoard_v1\main.SchDoc with 1760510000 from Common-Parts-Library.IntLib
Replace Part J3 1760510000 in C:\Users\Jackson\Documents\github\UTAT_flightsystems\PCB\PowerBoard_v1\main.SchDoc with 1760510000 from Common-Parts-Library.IntLib
Replace Part J4 1760510000 in C:\Users\Jackson\Documents\github\UTAT_flightsystems\PCB\PowerBoard_v1\main.SchDoc with 1760510000 from Common-Parts-Library.IntLib
Replace Part L1 Inductor in C:\Users\Jackson\Documents\github\UTAT_flightsystems\PCB\PowerBoard_v1\main.SchDoc with Inductor from CustomCompLib.IntLib
Replace Part L2 Inductor in C:\Users\Jackson\Documents\github\UTAT_flightsystems\PCB\PowerBoard_v1\main.SchDoc with Inductor from CustomCompLib.IntLib
Replace Part P1 Header 3 in C:\Users\Jackson\Documents\github\UTAT_flightsystems\PCB\PowerBoard_v1\main.SchDoc with Header 3 from Miscellaneous Connectors.IntLib
Replace Part P2 Header 5X2 in C:\Users\Jackson\Documents\github\UTAT_flightsystems\PCB\PowerBoard_v1\main.SchDoc with Header 5X2 from Miscellaneous Connectors.IntLib
Replace Part R1 Res3 in C:\Users\Jackson\Documents\github\UTAT_flightsystems\PCB\PowerBoard_v1\main.SchDoc with Res3 from Miscellaneous Devices.IntLib
Replace Part R2 Res3 in C:\Users\Jackson\Documents\github\UTAT_flightsystems\PCB\PowerBoard_v1\main.SchDoc with Res3 from Miscellaneous Devices.IntLib
Replace Part R3 Res3 in C:\Users\Jackson\Documents\github\UTAT_flightsystems\PCB\PowerBoard_v1\main.SchDoc with Res3 from Miscellaneous Devices.IntLib
Replace Part R4 Res3 in C:\Users\Jackson\Documents\github\UTAT_flightsystems\PCB\PowerBoard_v1\main.SchDoc with Res3 from Miscellaneous Devices.IntLib
Replace Part R5 Res3 in C:\Users\Jackson\Documents\github\UTAT_flightsystems\PCB\PowerBoard_v1\main.SchDoc with Res3 from Miscellaneous Devices.IntLib
Replace Part R6 Res3 in C:\Users\Jackson\Documents\github\UTAT_flightsystems\PCB\PowerBoard_v1\main.SchDoc with Res3 from Miscellaneous Devices.IntLib
Replace Part R7 Res3 in C:\Users\Jackson\Documents\github\UTAT_flightsystems\PCB\PowerBoard_v1\main.SchDoc with Res3 from Miscellaneous Devices.IntLib
Replace Part R8 Res3 in C:\Users\Jackson\Documents\github\UTAT_flightsystems\PCB\PowerBoard_v1\main.SchDoc with Res3 from Miscellaneous Devices.IntLib
Replace Part RBF1 5557 5569 Mini-Fit 2 Pin Molex in C:\Users\Jackson\Documents\github\UTAT_flightsystems\PCB\PowerBoard_v1\main.SchDoc with 5557 5569 Mini-Fit 2 Pin Molex from Common-Parts-Library.IntLib
Replace Part U1 LM2592HVS-5.0 in C:\Users\Jackson\Documents\github\UTAT_flightsystems\PCB\PowerBoard_v1\main.SchDoc with LM2592HVS-5.0 from Common-Parts-Library.IntLib
Replace Part U2 SC189ZSKTRT_1 in C:\Users\Jackson\Documents\github\UTAT_flightsystems\PCB\PowerBoard_v1\main.SchDoc with SC189ZSKTRT_1 from Common-Parts-Library.IntLib
Replace Part U3 S-80833C in C:\Users\Jackson\Documents\github\UTAT_flightsystems\PCB\PowerBoard_v1\main.SchDoc with S-80833C from Common-Parts-Library.IntLib
Replace Part U4 SMD-PHOTOCOUPLER-5KV-LTV-816S(4P-4.6X6.5MM) in C:\Users\Jackson\Documents\github\UTAT_flightsystems\PCB\PowerBoard_v1\main.SchDoc with SMD-PHOTOCOUPLER-5KV-LTV-816S(4P-4.6X6.5MM) from Common-Parts-Library.IntLib
Replace Part U5 S-80833C in C:\Users\Jackson\Documents\github\UTAT_flightsystems\PCB\PowerBoard_v1\main.SchDoc with S-80833C from Common-Parts-Library.IntLib
Replace Part U6 SMD-PHOTOCOUPLER-5KV-LTV-816S(4P-4.6X6.5MM) in C:\Users\Jackson\Documents\github\UTAT_flightsystems\PCB\PowerBoard_v1\main.SchDoc with SMD-PHOTOCOUPLER-5KV-LTV-816S(4P-4.6X6.5MM) from Common-Parts-Library.IntLib
